<?xml version="1.0" encoding="UTF-8"?><testsuite errors="0" failures="0" name="com.bestbuy.api.info.ProductsTest" skipped="0" tests="3" time="3.94" timestamp="2020-12-23T23:26:03.096Z[Europe/London]"><testcase classname="com.bestbuy.api.info.ProductsTest" name="This will create product"/><testcase classname="com.bestbuy.api.info.ProductsTest" name="This will verify created product added to the products"/><testcase classname="com.bestbuy.api.info.ProductsTest" name="This will verify created product deleted successfully"/></testsuite>